<?xml version="1.0" encoding="UTF-8"?>
<testng-results skipped="1" failed="0" total="1" passed="0">
  <reporter-output>
  </reporter-output>
  <suite name="Vdopia_Automation" duration-ms="100433" started-at="2017-05-20T19:17:26Z" finished-at="2017-05-20T19:19:06Z">
    <groups>
    </groups>
    <test name="AdServe" duration-ms="100433" started-at="2017-05-20T19:17:26Z" finished-at="2017-05-20T19:19:06Z">
      <class name="projects.e2etest.LaunchE2ETest">
        <test-method status="FAIL" signature="beforeClass()[pri:0, instance:projects.e2etest.LaunchE2ETest@bccb269]" name="beforeClass" is-config="true" duration-ms="0" started-at="2017-05-21T00:47:26Z" finished-at="2017-05-21T00:47:26Z">
          <exception class="java.lang.AssertionError">
            <message>
              <![CDATA[All system end points (vanilla, chocolate, config server, portal, aerospike) are not up and running, exiting tests.]]>
            </message>
            <full-stacktrace>
              <![CDATA[java.lang.AssertionError: All system end points (vanilla, chocolate, config server, portal, aerospike) are not up and running, exiting tests.
	at org.testng.Assert.fail(Assert.java:94)
	at projects.e2etest.LaunchE2ETest.beforeClass(LaunchE2ETest.java:103)
	at sun.reflect.NativeMethodAccessorImpl.invoke0(Native Method)
	at sun.reflect.NativeMethodAccessorImpl.invoke(NativeMethodAccessorImpl.java:62)
	at sun.reflect.DelegatingMethodAccessorImpl.invoke(DelegatingMethodAccessorImpl.java:43)
	at java.lang.reflect.Method.invoke(Method.java:498)
	at org.testng.internal.MethodInvocationHelper.invokeMethod(MethodInvocationHelper.java:86)
	at org.testng.internal.Invoker.invokeConfigurationMethod(Invoker.java:514)
	at org.testng.internal.Invoker.invokeConfigurations(Invoker.java:215)
	at org.testng.internal.Invoker.invokeConfigurations(Invoker.java:142)
	at org.testng.internal.TestMethodWorker.invokeBeforeClassMethods(TestMethodWorker.java:178)
	at org.testng.internal.TestMethodWorker.run(TestMethodWorker.java:108)
	at org.testng.TestRunner.privateRun(TestRunner.java:782)
	at org.testng.TestRunner.run(TestRunner.java:632)
	at org.testng.SuiteRunner.runTest(SuiteRunner.java:366)
	at org.testng.SuiteRunner.runSequentially(SuiteRunner.java:361)
	at org.testng.SuiteRunner.privateRun(SuiteRunner.java:319)
	at org.testng.SuiteRunner.run(SuiteRunner.java:268)
	at org.testng.SuiteRunnerWorker.runSuite(SuiteRunnerWorker.java:52)
	at org.testng.SuiteRunnerWorker.run(SuiteRunnerWorker.java:86)
	at org.testng.TestNG.runSuitesSequentially(TestNG.java:1244)
	at org.testng.TestNG.runSuitesLocally(TestNG.java:1169)
	at org.testng.TestNG.run(TestNG.java:1064)
	at org.testng.remote.RemoteTestNG.run(RemoteTestNG.java:113)
	at org.testng.remote.RemoteTestNG.initAndRun(RemoteTestNG.java:206)
	at org.testng.remote.RemoteTestNG.main(RemoteTestNG.java:177)
]]>
            </full-stacktrace>
          </exception> <!-- java.lang.AssertionError -->
          <reporter-output>
          </reporter-output>
        </test-method> <!-- beforeClass -->
        <test-method status="SKIP" signature="launchTest()[pri:0, instance:projects.e2etest.LaunchE2ETest@bccb269]" name="launchTest" duration-ms="1" started-at="2017-05-21T00:49:06Z" finished-at="2017-05-21T00:49:06Z">
          <reporter-output>
          </reporter-output>
        </test-method> <!-- launchTest -->
        <test-method status="SKIP" signature="afterTest()[pri:0, instance:projects.e2etest.LaunchE2ETest@bccb269]" name="afterTest" is-config="true" duration-ms="0" started-at="2017-05-21T00:49:06Z" finished-at="2017-05-21T00:49:06Z">
          <reporter-output>
          </reporter-output>
        </test-method> <!-- afterTest -->
      </class> <!-- projects.e2etest.LaunchE2ETest -->
      <class name="projects.TestSuiteClass">
        <test-method status="PASS" signature="beforeSuite(java.lang.String)[pri:0, instance:projects.TestSuiteClass@66d18979]" name="beforeSuite" is-config="true" duration-ms="10427" started-at="2017-05-21T00:47:16Z" finished-at="2017-05-21T00:47:26Z">
          <params>
            <param index="0">
              <value>
                <![CDATA[No]]>
              </value>
            </param>
          </params>
          <reporter-output>
          </reporter-output>
        </test-method> <!-- beforeSuite -->
        <test-method status="PASS" signature="afterSuite()[pri:0, instance:projects.TestSuiteClass@66d18979]" name="afterSuite" is-config="true" duration-ms="328" started-at="2017-05-21T00:49:12Z" finished-at="2017-05-21T00:49:12Z">
          <reporter-output>
          </reporter-output>
        </test-method> <!-- afterSuite -->
      </class> <!-- projects.TestSuiteClass -->
    </test> <!-- AdServe -->
  </suite> <!-- Vdopia_Automation -->
</testng-results>
